BuildDependencies begin
BuildDependencies support_lib_done count=3
BuildDependencies ecom_parse_begin bytes=369
BuildDependencies ecom_parse_ok count=3
BuildDependencies end count=6
BuildProgramPages begin
BuildProgramPages page=ДАПкГЬађМЏ1 funcs=39
BuildProgramPages page=KRCНтУм funcs=14
BuildProgramPages page=ЙІФмаЭГЬађ funcs=10
BuildProgramPages end count=3
BuildDependencies begin
BuildDependencies support_lib_done count=1
BuildDependencies ecom_parse_begin bytes=0
BuildDependencies ecom_parse_ok count=0
BuildDependencies end count=1
BuildProgramPages begin
BuildProgramPages page=ФфУћГЬађМЏ_1 funcs=2
BuildProgramPages page=ФфУћГЬађМЏ_2 funcs=116
BuildProgramPages page=ФфУћГЬађМЏ_3 funcs=151
BuildProgramPages page=ФфУћГЬађМЏ_4 funcs=245
BuildProgramPages page=ФфУћГЬађМЏ_5 funcs=165
BuildProgramPages page=ФфУћГЬађМЏ_6 funcs=97
BuildProgramPages page=ФфУћГЬађМЏ_7 funcs=60
BuildProgramPages page=ФфУћГЬађМЏ_8 funcs=39
BuildProgramPages page=ФфУћГЬађМЏ_9 funcs=118
BuildProgramPages page=ФфУћГЬађМЏ_10 funcs=30
BuildProgramPages page=ФфУћГЬађМЏ_11 funcs=6
BuildProgramPages page=ФфУћГЬађМЏ_12 funcs=17
BuildProgramPages page=ФфУћГЬађМЏ_13 funcs=177
BuildProgramPages page=ФфУћГЬађМЏ_14 funcs=53
BuildProgramPages page=ФфУћГЬађМЏ_15 funcs=4
BuildProgramPages page=ФфУћГЬађМЏ_16 funcs=17
BuildProgramPages page=ЦеЭЈЬюБэ funcs=206
BuildProgramPages page=ФфУћГЬађМЏ_17 funcs=15
BuildProgramPages page=ФфУћГЬађМЏ_18 funcs=8
BuildProgramPages page=ФфУћГЬађМЏ_19 funcs=15
BuildProgramPages page=ЭтВПЪїаЭПђ funcs=96
BuildProgramPages page=ЭтВППиМўВйзї funcs=8
BuildProgramPages page=ФфУћГЬађМЏ_20 funcs=131
BuildProgramPages page=Рр_ЯЕЭГЗўЮё funcs=28
BuildProgramPages page=ЮФМўЭЯЗХ funcs=5
BuildProgramPages page=зЂВсБэВйзї funcs=25
BuildProgramPages page=ЭтВПГЌМЖСаБэПђ funcs=68
BuildProgramPages page=ФкДцЙВЯэ funcs=10
BuildProgramPages page=ADSLВІКХРр funcs=19
BuildProgramPages page=е§дђБэДяЪНРр funcs=10
BuildProgramPages page=ФфУћГЬађМЏ_21 funcs=11
BuildProgramPages page=ФфУћГЬађМЏ_22 funcs=34
BuildProgramPages page=ФфУћГЬађМЏ_23 funcs=63
BuildProgramPages page=Рр_XMLHTTP funcs=17
BuildProgramPages page=Рр_ЭМЦЌзщВйзїРр funcs=28
BuildProgramPages page=зжНкСї funcs=7
BuildProgramPages page=ЛуБрРр funcs=168
BuildProgramPages page=ЪфШыЗЈРр funcs=15
BuildProgramPages page=Рр_APIHOOK funcs=10
BuildProgramPages page=Рр_НХБОзщМў funcs=15
BuildProgramPages page=Рр_ФкДц funcs=29
BuildProgramPages page=Рр_ЪЖЭМ funcs=29
BuildProgramPages page=Рр_ЮЛЭМВйзї funcs=43
BuildProgramPages page=Рр_ЮЛЭМДІРэ funcs=22
BuildProgramPages page=Рр_ODBCЪ§ОнПт funcs=46
BuildProgramPages page=ФфУћГЬађМЏ_24 funcs=4
BuildProgramPages page=Рр_ЙГзг funcs=9
BuildProgramPages page=Рр_ЯпГЬГи funcs=6
BuildProgramPages page=Рр_FTP funcs=28
BuildProgramPages page=Рр_json funcs=26
BuildProgramPages page=Рр_ФкДцХфжУЯю funcs=17
BuildProgramPages page=ФфУћГЬађМЏ_25 funcs=16
BuildProgramPages page=ФфУћГЬађМЏ_26 funcs=127
BuildProgramPages page=зЂВсБэВйзїEx funcs=20
BuildProgramPages page=Рр_ХфжУЯю funcs=23
BuildProgramPages page=Рр_CPUаХЯЂ funcs=24
BuildProgramPages page=ФфУћГЬађМЏ_27 funcs=17
BuildProgramPages page=Рр_ЯЕЭГаХЯЂ funcs=71
BuildProgramPages page=Рр_ЭЈгУЖдЛАПђ funcs=11
BuildProgramPages page=Рр_ШЮЮёРИ funcs=27
BuildProgramPages page=Рр_ЛЗОГДцШЁ funcs=11
BuildProgramPages page=Рр_ЪБжг funcs=6
BuildProgramPages page=Рр_ЭаХЬ funcs=20
BuildProgramPages page=Рр_ДХХЬаХЯЂ funcs=27
BuildProgramPages page=Рр_гЪВлЗўЮёЖЫ funcs=5
BuildProgramPages page=Рр_гЪВлПЭЛЇЖЫ funcs=5
BuildProgramPages page=Рр_ШежОЪфГі funcs=9
BuildProgramPages page=ФфУћГЬађМЏ_28 funcs=7
BuildProgramPages page=ФфУћГЬађМЏ_29 funcs=5
BuildProgramPages page=ФфУћГЬађМЏ_30 funcs=9
BuildProgramPages page=Рр_Accessible funcs=35
BuildProgramPages page=Рр_POSTЪ§ОнРр funcs=13
BuildProgramPages page=Рр_POSTЪ§ОнРр_зжНкМЏ funcs=10
BuildProgramPages page=Рр_ЖгСа funcs=13
BuildProgramPages page=Рр_ПьЫйЮФБО funcs=25
BuildProgramPages page=Рр_ХфжУЯюex funcs=13
BuildProgramPages page=Рр_Cookie funcs=17
BuildProgramPages page=Рр_ФЃПщУЖОй funcs=12
BuildProgramPages page=Рр_HTMLЪЕЬх funcs=9
BuildProgramPages page=HashMap_StrInt funcs=11
BuildProgramPages page=ФфУћГЬађМЏ_31 funcs=6
BuildProgramPages page=Рр_RegExp funcs=15
BuildProgramPages page=Рр_ШЮЮёРИздЩэ funcs=24
BuildProgramPages page=ФфУћГЬађМЏ_32 funcs=34
BuildProgramPages page=Рр_БрМ­ПђВЫЕЅ funcs=9
BuildProgramPages page=Рр_ЭтВПбЁдёМа funcs=20
BuildProgramPages page=Рр_ГЌМЖСаБэПђ funcs=20
BuildProgramPages page=Рр_зРУцДАПкЙмРэ funcs=11
BuildProgramPages page=Рр_ЯёЫизщ funcs=8
BuildProgramPages page=Рр_ЭМЯёИёЪНзЊЛЛРр funcs=14
BuildProgramPages page=Рр_HOOK_Send funcs=9
BuildProgramPages page=Рр_БрМ­ПђЭИУї funcs=6
BuildProgramPages page=ФфУћГЬађМЏ_33 funcs=14
BuildProgramPages page=Рр_HOOK_EX funcs=7
BuildProgramPages page=Рр_ЪїаЭПђ_зжНкМЏВйзї funcs=42
BuildProgramPages page=Рр_DOM funcs=32
BuildProgramPages page=Рр_DOM_Ъ§зщ funcs=6
BuildProgramPages page=Рр_ЭтВПзДЬЌЬѕ funcs=7
BuildProgramPages page=Рр_InlineHook funcs=10
BuildProgramPages page=Рр_ЯЕЭГвєСП funcs=7
BuildProgramPages page=ФфУћГЬађМЏ_34 funcs=13
BuildProgramPages page=Рр_ЦСБЮВЫЕЅ funcs=5
BuildProgramPages page=ФфУћГЬађМЏ_35 funcs=48
BuildProgramPages page=ФфУћГЬађМЏ_36 funcs=8
BuildProgramPages end count=104
BuildDependencies begin
BuildDependencies support_lib_done count=1
BuildDependencies ecom_parse_begin bytes=0
BuildDependencies ecom_parse_ok count=0
BuildDependencies end count=1
BuildProgramPages begin
BuildProgramPages page=ФфУћГЬађМЏ_1 funcs=2
BuildProgramPages page=ФфУћГЬађМЏ_2 funcs=116
BuildProgramPages page=ФфУћГЬађМЏ_3 funcs=151
BuildProgramPages page=ФфУћГЬађМЏ_4 funcs=245
BuildProgramPages page=ФфУћГЬађМЏ_5 funcs=165
BuildProgramPages page=ФфУћГЬађМЏ_6 funcs=97
BuildProgramPages page=ФфУћГЬађМЏ_7 funcs=60
BuildProgramPages page=ФфУћГЬађМЏ_8 funcs=39
BuildProgramPages page=ФфУћГЬађМЏ_9 funcs=118
BuildProgramPages page=ФфУћГЬађМЏ_10 funcs=30
BuildProgramPages page=ФфУћГЬађМЏ_11 funcs=6
BuildProgramPages page=ФфУћГЬађМЏ_12 funcs=17
BuildProgramPages page=ФфУћГЬађМЏ_13 funcs=177
BuildProgramPages page=ФфУћГЬађМЏ_14 funcs=53
BuildProgramPages page=ФфУћГЬађМЏ_15 funcs=4
BuildProgramPages page=ФфУћГЬађМЏ_16 funcs=17
BuildProgramPages page=ЦеЭЈЬюБэ funcs=206
BuildProgramPages page=ФфУћГЬађМЏ_17 funcs=15
BuildProgramPages page=ФфУћГЬађМЏ_18 funcs=8
BuildProgramPages page=ФфУћГЬађМЏ_19 funcs=15
BuildProgramPages page=ЭтВПЪїаЭПђ funcs=96
BuildProgramPages page=ЭтВППиМўВйзї funcs=8
BuildProgramPages page=ФфУћГЬађМЏ_20 funcs=131
BuildProgramPages page=Рр_ЯЕЭГЗўЮё funcs=28
BuildProgramPages page=ЮФМўЭЯЗХ funcs=5
BuildProgramPages page=зЂВсБэВйзї funcs=25
BuildProgramPages page=ЭтВПГЌМЖСаБэПђ funcs=68
BuildProgramPages page=ФкДцЙВЯэ funcs=10
BuildProgramPages page=ADSLВІКХРр funcs=19
BuildProgramPages page=е§дђБэДяЪНРр funcs=10
BuildProgramPages page=ФфУћГЬађМЏ_21 funcs=11
BuildProgramPages page=ФфУћГЬађМЏ_22 funcs=34
BuildProgramPages page=ФфУћГЬађМЏ_23 funcs=63
BuildProgramPages page=Рр_XMLHTTP funcs=17
BuildProgramPages page=Рр_ЭМЦЌзщВйзїРр funcs=28
BuildProgramPages page=зжНкСї funcs=7
BuildProgramPages page=ЛуБрРр funcs=168
BuildProgramPages page=ЪфШыЗЈРр funcs=15
BuildProgramPages page=Рр_APIHOOK funcs=10
BuildProgramPages page=Рр_НХБОзщМў funcs=15
BuildProgramPages page=Рр_ФкДц funcs=29
BuildProgramPages page=Рр_ЪЖЭМ funcs=29
BuildProgramPages page=Рр_ЮЛЭМВйзї funcs=43
BuildProgramPages page=Рр_ЮЛЭМДІРэ funcs=22
BuildProgramPages page=Рр_ODBCЪ§ОнПт funcs=46
BuildProgramPages page=ФфУћГЬађМЏ_24 funcs=4
BuildProgramPages page=Рр_ЙГзг funcs=9
BuildProgramPages page=Рр_ЯпГЬГи funcs=6
BuildProgramPages page=Рр_FTP funcs=28
BuildProgramPages page=Рр_json funcs=26
BuildProgramPages page=Рр_ФкДцХфжУЯю funcs=17
BuildProgramPages page=ФфУћГЬађМЏ_25 funcs=16
BuildProgramPages page=ФфУћГЬађМЏ_26 funcs=127
BuildProgramPages page=зЂВсБэВйзїEx funcs=20
BuildProgramPages page=Рр_ХфжУЯю funcs=23
BuildProgramPages page=Рр_CPUаХЯЂ funcs=24
BuildProgramPages page=ФфУћГЬађМЏ_27 funcs=17
BuildProgramPages page=Рр_ЯЕЭГаХЯЂ funcs=71
BuildProgramPages page=Рр_ЭЈгУЖдЛАПђ funcs=11
BuildProgramPages page=Рр_ШЮЮёРИ funcs=27
BuildProgramPages page=Рр_ЛЗОГДцШЁ funcs=11
BuildProgramPages page=Рр_ЪБжг funcs=6
BuildProgramPages page=Рр_ЭаХЬ funcs=20
BuildProgramPages page=Рр_ДХХЬаХЯЂ funcs=27
BuildProgramPages page=Рр_гЪВлЗўЮёЖЫ funcs=5
BuildProgramPages page=Рр_гЪВлПЭЛЇЖЫ funcs=5
BuildProgramPages page=Рр_ШежОЪфГі funcs=9
BuildProgramPages page=ФфУћГЬађМЏ_28 funcs=7
BuildProgramPages page=ФфУћГЬађМЏ_29 funcs=5
BuildProgramPages page=ФфУћГЬађМЏ_30 funcs=9
BuildProgramPages page=Рр_Accessible funcs=35
BuildProgramPages page=Рр_POSTЪ§ОнРр funcs=13
BuildProgramPages page=Рр_POSTЪ§ОнРр_зжНкМЏ funcs=10
BuildProgramPages page=Рр_ЖгСа funcs=13
BuildProgramPages page=Рр_ПьЫйЮФБО funcs=25
BuildProgramPages page=Рр_ХфжУЯюex funcs=13
BuildProgramPages page=Рр_Cookie funcs=17
BuildProgramPages page=Рр_ФЃПщУЖОй funcs=12
BuildProgramPages page=Рр_HTMLЪЕЬх funcs=9
BuildProgramPages page=HashMap_StrInt funcs=11
BuildProgramPages page=ФфУћГЬађМЏ_31 funcs=6
BuildProgramPages page=Рр_RegExp funcs=15
BuildProgramPages page=Рр_ШЮЮёРИздЩэ funcs=24
BuildProgramPages page=ФфУћГЬађМЏ_32 funcs=34
BuildProgramPages page=Рр_БрМ­ПђВЫЕЅ funcs=9
BuildProgramPages page=Рр_ЭтВПбЁдёМа funcs=20
BuildProgramPages page=Рр_ГЌМЖСаБэПђ funcs=20
BuildProgramPages page=Рр_зРУцДАПкЙмРэ funcs=11
BuildProgramPages page=Рр_ЯёЫизщ funcs=8
BuildProgramPages page=Рр_ЭМЯёИёЪНзЊЛЛРр funcs=14
BuildProgramPages page=Рр_HOOK_Send funcs=9
BuildProgramPages page=Рр_БрМ­ПђЭИУї funcs=6
BuildProgramPages page=ФфУћГЬађМЏ_33 funcs=14
BuildProgramPages page=Рр_HOOK_EX funcs=7
BuildProgramPages page=Рр_ЪїаЭПђ_зжНкМЏВйзї funcs=42
BuildProgramPages page=Рр_DOM funcs=32
BuildProgramPages page=Рр_DOM_Ъ§зщ funcs=6
BuildProgramPages page=Рр_ЭтВПзДЬЌЬѕ funcs=7
BuildProgramPages page=Рр_InlineHook funcs=10
BuildProgramPages page=Рр_ЯЕЭГвєСП funcs=7
BuildProgramPages page=ФфУћГЬађМЏ_34 funcs=13
BuildProgramPages page=Рр_ЦСБЮВЫЕЅ funcs=5
BuildProgramPages page=ФфУћГЬађМЏ_35 funcs=48
BuildProgramPages page=ФфУћГЬађМЏ_36 funcs=8
BuildProgramPages end count=104
BuildDependencies begin
BuildDependencies support_lib_done count=1
BuildDependencies ecom_parse_begin bytes=0
BuildDependencies ecom_parse_ok count=0
BuildDependencies end count=1
BuildProgramPages begin
BuildProgramPages page=ФфУћГЬађМЏ_1 funcs=2
BuildProgramPages page=zyJsonValue funcs=92
BuildProgramPages page=ФфУћГЬађМЏ_2 funcs=101
BuildProgramPages page=ФфУћГЬађМЏ_3 funcs=21
BuildProgramPages page=ФфУћГЬађМЏ_4 funcs=9
BuildProgramPages page=ФфУћГЬађМЏ_5 funcs=13
BuildProgramPages page=ФфУћГЬађМЏ_6 funcs=20
BuildProgramPages page=ФфУћГЬађМЏ_7 funcs=52
BuildProgramPages page=zyJsonDocument funcs=7
BuildProgramPages end count=9
BuildDependencies begin
BuildDependencies support_lib_done count=1
BuildDependencies ecom_parse_begin bytes=0
BuildDependencies ecom_parse_ok count=0
BuildDependencies end count=1
BuildProgramPages begin
BuildProgramPages page=ФфУћГЬађМЏ_1 funcs=2
BuildProgramPages page=zyJsonValue funcs=92
BuildProgramPages page=ФфУћГЬађМЏ_2 funcs=101
BuildProgramPages page=ФфУћГЬађМЏ_3 funcs=21
BuildProgramPages page=ФфУћГЬађМЏ_4 funcs=9
BuildProgramPages page=ФфУћГЬађМЏ_5 funcs=13
BuildProgramPages page=ФфУћГЬађМЏ_6 funcs=20
BuildProgramPages page=ФфУћГЬађМЏ_7 funcs=52
BuildProgramPages page=zyJsonDocument funcs=7
BuildProgramPages end count=9
BuildDependencies begin
BuildDependencies support_lib_done count=2
BuildDependencies ecom_parse_begin bytes=0
BuildDependencies ecom_parse_ok count=0
BuildDependencies end count=2
BuildProgramPages begin
BuildProgramPages page=ФфУћГЬађМЏ_1 funcs=12
BuildProgramPages page=ФфУћГЬађМЏ_2 funcs=29
BuildProgramPages page=хчаЧИшДЪДАПк funcs=31
BuildProgramPages end count=3
BuildDependencies begin
BuildDependencies support_lib_done count=2
BuildDependencies ecom_parse_begin bytes=0
BuildDependencies ecom_parse_ok count=0
BuildDependencies end count=2
BuildProgramPages begin
BuildProgramPages page=ФфУћГЬађМЏ_1 funcs=12
BuildProgramPages page=ФфУћГЬађМЏ_2 funcs=29
BuildProgramPages page=хчаЧИшДЪДАПк funcs=31
BuildProgramPages end count=3
BuildDependencies begin
BuildDependencies support_lib_done count=3
BuildDependencies ecom_parse_begin bytes=362
BuildDependencies ecom_parse_ok count=3
BuildDependencies end count=6
BuildProgramPages begin
BuildProgramPages page=ДАПкГЬађМЏ1 funcs=39
BuildProgramPages page=KRCНтУм funcs=14
BuildProgramPages page=ЙІФмаЭГЬађ funcs=6
BuildProgramPages end count=3
BuildDependencies begin
BuildDependencies support_lib_done count=1
BuildDependencies ecom_parse_begin bytes=0
BuildDependencies ecom_parse_ok count=0
BuildDependencies end count=1
BuildProgramPages begin
BuildProgramPages page=ФфУћГЬађМЏ_1 funcs=2
BuildProgramPages page=ФфУћГЬађМЏ_2 funcs=116
BuildProgramPages page=ФфУћГЬађМЏ_3 funcs=151
BuildProgramPages page=ФфУћГЬађМЏ_4 funcs=245
BuildProgramPages page=ФфУћГЬађМЏ_5 funcs=165
BuildProgramPages page=ФфУћГЬађМЏ_6 funcs=97
BuildProgramPages page=ФфУћГЬађМЏ_7 funcs=60
BuildProgramPages page=ФфУћГЬађМЏ_8 funcs=39
BuildProgramPages page=ФфУћГЬађМЏ_9 funcs=118
BuildProgramPages page=ФфУћГЬађМЏ_10 funcs=30
BuildProgramPages page=ФфУћГЬађМЏ_11 funcs=6
BuildProgramPages page=ФфУћГЬађМЏ_12 funcs=17
BuildProgramPages page=ФфУћГЬађМЏ_13 funcs=177
BuildProgramPages page=ФфУћГЬађМЏ_14 funcs=53
BuildProgramPages page=ФфУћГЬађМЏ_15 funcs=4
BuildProgramPages page=ФфУћГЬађМЏ_16 funcs=17
BuildProgramPages page=ЦеЭЈЬюБэ funcs=206
BuildProgramPages page=ФфУћГЬађМЏ_17 funcs=15
BuildProgramPages page=ФфУћГЬађМЏ_18 funcs=8
BuildProgramPages page=ФфУћГЬађМЏ_19 funcs=15
BuildProgramPages page=ЭтВПЪїаЭПђ funcs=96
BuildProgramPages page=ЭтВППиМўВйзї funcs=8
BuildProgramPages page=ФфУћГЬађМЏ_20 funcs=131
BuildProgramPages page=Рр_ЯЕЭГЗўЮё funcs=28
BuildProgramPages page=ЮФМўЭЯЗХ funcs=5
BuildProgramPages page=зЂВсБэВйзї funcs=25
BuildProgramPages page=ЭтВПГЌМЖСаБэПђ funcs=68
BuildProgramPages page=ФкДцЙВЯэ funcs=10
BuildProgramPages page=ADSLВІКХРр funcs=19
BuildProgramPages page=е§дђБэДяЪНРр funcs=10
BuildProgramPages page=ФфУћГЬађМЏ_21 funcs=11
BuildProgramPages page=ФфУћГЬађМЏ_22 funcs=34
BuildProgramPages page=ФфУћГЬађМЏ_23 funcs=63
BuildProgramPages page=Рр_XMLHTTP funcs=17
BuildProgramPages page=Рр_ЭМЦЌзщВйзїРр funcs=28
BuildProgramPages page=зжНкСї funcs=7
BuildProgramPages page=ЛуБрРр funcs=168
BuildProgramPages page=ЪфШыЗЈРр funcs=15
BuildProgramPages page=Рр_APIHOOK funcs=10
BuildProgramPages page=Рр_НХБОзщМў funcs=15
BuildProgramPages page=Рр_ФкДц funcs=29
BuildProgramPages page=Рр_ЪЖЭМ funcs=29
BuildProgramPages page=Рр_ЮЛЭМВйзї funcs=43
BuildProgramPages page=Рр_ЮЛЭМДІРэ funcs=22
BuildProgramPages page=Рр_ODBCЪ§ОнПт funcs=46
BuildProgramPages page=ФфУћГЬађМЏ_24 funcs=4
BuildProgramPages page=Рр_ЙГзг funcs=9
BuildProgramPages page=Рр_ЯпГЬГи funcs=6
BuildProgramPages page=Рр_FTP funcs=28
BuildProgramPages page=Рр_json funcs=26
BuildProgramPages page=Рр_ФкДцХфжУЯю funcs=17
BuildProgramPages page=ФфУћГЬађМЏ_25 funcs=16
BuildProgramPages page=ФфУћГЬађМЏ_26 funcs=127
BuildProgramPages page=зЂВсБэВйзїEx funcs=20
BuildProgramPages page=Рр_ХфжУЯю funcs=23
BuildProgramPages page=Рр_CPUаХЯЂ funcs=24
BuildProgramPages page=ФфУћГЬађМЏ_27 funcs=17
BuildProgramPages page=Рр_ЯЕЭГаХЯЂ funcs=71
BuildProgramPages page=Рр_ЭЈгУЖдЛАПђ funcs=11
BuildProgramPages page=Рр_ШЮЮёРИ funcs=27
BuildProgramPages page=Рр_ЛЗОГДцШЁ funcs=11
BuildProgramPages page=Рр_ЪБжг funcs=6
BuildProgramPages page=Рр_ЭаХЬ funcs=20
BuildProgramPages page=Рр_ДХХЬаХЯЂ funcs=27
BuildProgramPages page=Рр_гЪВлЗўЮёЖЫ funcs=5
BuildProgramPages page=Рр_гЪВлПЭЛЇЖЫ funcs=5
BuildProgramPages page=Рр_ШежОЪфГі funcs=9
BuildProgramPages page=ФфУћГЬађМЏ_28 funcs=7
BuildProgramPages page=ФфУћГЬађМЏ_29 funcs=5
BuildProgramPages page=ФфУћГЬађМЏ_30 funcs=9
BuildProgramPages page=Рр_Accessible funcs=35
BuildProgramPages page=Рр_POSTЪ§ОнРр funcs=13
BuildProgramPages page=Рр_POSTЪ§ОнРр_зжНкМЏ funcs=10
BuildProgramPages page=Рр_ЖгСа funcs=13
BuildProgramPages page=Рр_ПьЫйЮФБО funcs=25
BuildProgramPages page=Рр_ХфжУЯюex funcs=13
BuildProgramPages page=Рр_Cookie funcs=17
BuildProgramPages page=Рр_ФЃПщУЖОй funcs=12
BuildProgramPages page=Рр_HTMLЪЕЬх funcs=9
BuildProgramPages page=HashMap_StrInt funcs=11
BuildProgramPages page=ФфУћГЬађМЏ_31 funcs=6
BuildProgramPages page=Рр_RegExp funcs=15
BuildProgramPages page=Рр_ШЮЮёРИздЩэ funcs=24
BuildProgramPages page=ФфУћГЬађМЏ_32 funcs=34
BuildProgramPages page=Рр_БрМ­ПђВЫЕЅ funcs=9
BuildProgramPages page=Рр_ЭтВПбЁдёМа funcs=20
BuildProgramPages page=Рр_ГЌМЖСаБэПђ funcs=20
BuildProgramPages page=Рр_зРУцДАПкЙмРэ funcs=11
BuildProgramPages page=Рр_ЯёЫизщ funcs=8
BuildProgramPages page=Рр_ЭМЯёИёЪНзЊЛЛРр funcs=14
BuildProgramPages page=Рр_HOOK_Send funcs=9
BuildProgramPages page=Рр_БрМ­ПђЭИУї funcs=6
BuildProgramPages page=ФфУћГЬађМЏ_33 funcs=14
BuildProgramPages page=Рр_HOOK_EX funcs=7
BuildProgramPages page=Рр_ЪїаЭПђ_зжНкМЏВйзї funcs=42
BuildProgramPages page=Рр_DOM funcs=32
BuildProgramPages page=Рр_DOM_Ъ§зщ funcs=6
BuildProgramPages page=Рр_ЭтВПзДЬЌЬѕ funcs=7
BuildProgramPages page=Рр_InlineHook funcs=10
BuildProgramPages page=Рр_ЯЕЭГвєСП funcs=7
BuildProgramPages page=ФфУћГЬађМЏ_34 funcs=13
BuildProgramPages page=Рр_ЦСБЮВЫЕЅ funcs=5
BuildProgramPages page=ФфУћГЬађМЏ_35 funcs=48
BuildProgramPages page=ФфУћГЬађМЏ_36 funcs=8
BuildProgramPages end count=104
BuildDependencies begin
BuildDependencies support_lib_done count=1
BuildDependencies ecom_parse_begin bytes=0
BuildDependencies ecom_parse_ok count=0
BuildDependencies end count=1
BuildProgramPages begin
BuildProgramPages page=ФфУћГЬађМЏ_1 funcs=2
BuildProgramPages page=ФфУћГЬађМЏ_2 funcs=116
BuildProgramPages page=ФфУћГЬађМЏ_3 funcs=151
BuildProgramPages page=ФфУћГЬађМЏ_4 funcs=245
BuildProgramPages page=ФфУћГЬађМЏ_5 funcs=165
BuildProgramPages page=ФфУћГЬађМЏ_6 funcs=97
BuildProgramPages page=ФфУћГЬађМЏ_7 funcs=60
BuildProgramPages page=ФфУћГЬађМЏ_8 funcs=39
BuildProgramPages page=ФфУћГЬађМЏ_9 funcs=118
BuildProgramPages page=ФфУћГЬађМЏ_10 funcs=30
BuildProgramPages page=ФфУћГЬађМЏ_11 funcs=6
BuildProgramPages page=ФфУћГЬађМЏ_12 funcs=17
BuildProgramPages page=ФфУћГЬађМЏ_13 funcs=177
BuildProgramPages page=ФфУћГЬађМЏ_14 funcs=53
BuildProgramPages page=ФфУћГЬађМЏ_15 funcs=4
BuildProgramPages page=ФфУћГЬађМЏ_16 funcs=17
BuildProgramPages page=ЦеЭЈЬюБэ funcs=206
BuildProgramPages page=ФфУћГЬађМЏ_17 funcs=15
BuildProgramPages page=ФфУћГЬађМЏ_18 funcs=8
BuildProgramPages page=ФфУћГЬађМЏ_19 funcs=15
BuildProgramPages page=ЭтВПЪїаЭПђ funcs=96
BuildProgramPages page=ЭтВППиМўВйзї funcs=8
BuildProgramPages page=ФфУћГЬађМЏ_20 funcs=131
BuildProgramPages page=Рр_ЯЕЭГЗўЮё funcs=28
BuildProgramPages page=ЮФМўЭЯЗХ funcs=5
BuildProgramPages page=зЂВсБэВйзї funcs=25
BuildProgramPages page=ЭтВПГЌМЖСаБэПђ funcs=68
BuildProgramPages page=ФкДцЙВЯэ funcs=10
BuildProgramPages page=ADSLВІКХРр funcs=19
BuildProgramPages page=е§дђБэДяЪНРр funcs=10
BuildProgramPages page=ФфУћГЬађМЏ_21 funcs=11
BuildProgramPages page=ФфУћГЬађМЏ_22 funcs=34
BuildProgramPages page=ФфУћГЬађМЏ_23 funcs=63
BuildProgramPages page=Рр_XMLHTTP funcs=17
BuildProgramPages page=Рр_ЭМЦЌзщВйзїРр funcs=28
BuildProgramPages page=зжНкСї funcs=7
BuildProgramPages page=ЛуБрРр funcs=168
BuildProgramPages page=ЪфШыЗЈРр funcs=15
BuildProgramPages page=Рр_APIHOOK funcs=10
BuildProgramPages page=Рр_НХБОзщМў funcs=15
BuildProgramPages page=Рр_ФкДц funcs=29
BuildProgramPages page=Рр_ЪЖЭМ funcs=29
BuildProgramPages page=Рр_ЮЛЭМВйзї funcs=43
BuildProgramPages page=Рр_ЮЛЭМДІРэ funcs=22
BuildProgramPages page=Рр_ODBCЪ§ОнПт funcs=46
BuildProgramPages page=ФфУћГЬађМЏ_24 funcs=4
BuildProgramPages page=Рр_ЙГзг funcs=9
BuildProgramPages page=Рр_ЯпГЬГи funcs=6
BuildProgramPages page=Рр_FTP funcs=28
BuildProgramPages page=Рр_json funcs=26
BuildProgramPages page=Рр_ФкДцХфжУЯю funcs=17
BuildProgramPages page=ФфУћГЬађМЏ_25 funcs=16
BuildProgramPages page=ФфУћГЬађМЏ_26 funcs=127
BuildProgramPages page=зЂВсБэВйзїEx funcs=20
BuildProgramPages page=Рр_ХфжУЯю funcs=23
BuildProgramPages page=Рр_CPUаХЯЂ funcs=24
BuildProgramPages page=ФфУћГЬађМЏ_27 funcs=17
BuildProgramPages page=Рр_ЯЕЭГаХЯЂ funcs=71
BuildProgramPages page=Рр_ЭЈгУЖдЛАПђ funcs=11
BuildProgramPages page=Рр_ШЮЮёРИ funcs=27
BuildProgramPages page=Рр_ЛЗОГДцШЁ funcs=11
BuildProgramPages page=Рр_ЪБжг funcs=6
BuildProgramPages page=Рр_ЭаХЬ funcs=20
BuildProgramPages page=Рр_ДХХЬаХЯЂ funcs=27
BuildProgramPages page=Рр_гЪВлЗўЮёЖЫ funcs=5
BuildProgramPages page=Рр_гЪВлПЭЛЇЖЫ funcs=5
BuildProgramPages page=Рр_ШежОЪфГі funcs=9
BuildProgramPages page=ФфУћГЬађМЏ_28 funcs=7
BuildProgramPages page=ФфУћГЬађМЏ_29 funcs=5
BuildProgramPages page=ФфУћГЬађМЏ_30 funcs=9
BuildProgramPages page=Рр_Accessible funcs=35
BuildProgramPages page=Рр_POSTЪ§ОнРр funcs=13
BuildProgramPages page=Рр_POSTЪ§ОнРр_зжНкМЏ funcs=10
BuildProgramPages page=Рр_ЖгСа funcs=13
BuildProgramPages page=Рр_ПьЫйЮФБО funcs=25
BuildProgramPages page=Рр_ХфжУЯюex funcs=13
BuildProgramPages page=Рр_Cookie funcs=17
BuildProgramPages page=Рр_ФЃПщУЖОй funcs=12
BuildProgramPages page=Рр_HTMLЪЕЬх funcs=9
BuildProgramPages page=HashMap_StrInt funcs=11
BuildProgramPages page=ФфУћГЬађМЏ_31 funcs=6
BuildProgramPages page=Рр_RegExp funcs=15
BuildProgramPages page=Рр_ШЮЮёРИздЩэ funcs=24
BuildProgramPages page=ФфУћГЬађМЏ_32 funcs=34
BuildProgramPages page=Рр_БрМ­ПђВЫЕЅ funcs=9
BuildProgramPages page=Рр_ЭтВПбЁдёМа funcs=20
BuildProgramPages page=Рр_ГЌМЖСаБэПђ funcs=20
BuildProgramPages page=Рр_зРУцДАПкЙмРэ funcs=11
BuildProgramPages page=Рр_ЯёЫизщ funcs=8
BuildProgramPages page=Рр_ЭМЯёИёЪНзЊЛЛРр funcs=14
BuildProgramPages page=Рр_HOOK_Send funcs=9
BuildProgramPages page=Рр_БрМ­ПђЭИУї funcs=6
BuildProgramPages page=ФфУћГЬађМЏ_33 funcs=14
BuildProgramPages page=Рр_HOOK_EX funcs=7
BuildProgramPages page=Рр_ЪїаЭПђ_зжНкМЏВйзї funcs=42
BuildProgramPages page=Рр_DOM funcs=32
BuildProgramPages page=Рр_DOM_Ъ§зщ funcs=6
BuildProgramPages page=Рр_ЭтВПзДЬЌЬѕ funcs=7
BuildProgramPages page=Рр_InlineHook funcs=10
BuildProgramPages page=Рр_ЯЕЭГвєСП funcs=7
BuildProgramPages page=ФфУћГЬађМЏ_34 funcs=13
BuildProgramPages page=Рр_ЦСБЮВЫЕЅ funcs=5
BuildProgramPages page=ФфУћГЬађМЏ_35 funcs=48
BuildProgramPages page=ФфУћГЬађМЏ_36 funcs=8
BuildProgramPages end count=104
BuildDependencies begin
BuildDependencies support_lib_done count=1
BuildDependencies ecom_parse_begin bytes=0
BuildDependencies ecom_parse_ok count=0
BuildDependencies end count=1
BuildProgramPages begin
BuildProgramPages page=ФфУћГЬађМЏ_1 funcs=2
BuildProgramPages page=zyJsonValue funcs=92
BuildProgramPages page=ФфУћГЬађМЏ_2 funcs=101
BuildProgramPages page=ФфУћГЬађМЏ_3 funcs=21
BuildProgramPages page=ФфУћГЬађМЏ_4 funcs=9
BuildProgramPages page=ФфУћГЬађМЏ_5 funcs=13
BuildProgramPages page=ФфУћГЬађМЏ_6 funcs=20
BuildProgramPages page=ФфУћГЬађМЏ_7 funcs=52
BuildProgramPages page=zyJsonDocument funcs=7
BuildProgramPages end count=9
BuildDependencies begin
BuildDependencies support_lib_done count=1
BuildDependencies ecom_parse_begin bytes=0
BuildDependencies ecom_parse_ok count=0
BuildDependencies end count=1
BuildProgramPages begin
BuildProgramPages page=ФфУћГЬађМЏ_1 funcs=2
BuildProgramPages page=zyJsonValue funcs=92
BuildProgramPages page=ФфУћГЬађМЏ_2 funcs=101
BuildProgramPages page=ФфУћГЬађМЏ_3 funcs=21
BuildProgramPages page=ФфУћГЬађМЏ_4 funcs=9
BuildProgramPages page=ФфУћГЬађМЏ_5 funcs=13
BuildProgramPages page=ФфУћГЬађМЏ_6 funcs=20
BuildProgramPages page=ФфУћГЬађМЏ_7 funcs=52
BuildProgramPages page=zyJsonDocument funcs=7
BuildProgramPages end count=9
BuildDependencies begin
BuildDependencies support_lib_done count=2
BuildDependencies ecom_parse_begin bytes=0
BuildDependencies ecom_parse_ok count=0
BuildDependencies end count=2
BuildProgramPages begin
BuildProgramPages page=ФфУћГЬађМЏ_1 funcs=12
BuildProgramPages page=ФфУћГЬађМЏ_2 funcs=29
BuildProgramPages page=хчаЧИшДЪДАПк funcs=31
BuildProgramPages end count=3
BuildDependencies begin
BuildDependencies support_lib_done count=2
BuildDependencies ecom_parse_begin bytes=0
BuildDependencies ecom_parse_ok count=0
BuildDependencies end count=2
BuildProgramPages begin
BuildProgramPages page=ФфУћГЬађМЏ_1 funcs=12
BuildProgramPages page=ФфУћГЬађМЏ_2 funcs=29
BuildProgramPages page=хчаЧИшДЪДАПк funcs=31
BuildProgramPages end count=3
BuildDependencies begin
BuildDependencies support_lib_done count=2
BuildDependencies ecom_parse_begin bytes=0
BuildDependencies ecom_parse_ok count=0
BuildDependencies end count=2
BuildProgramPages begin
BuildProgramPages page=КЫаФЙІФмГЬађМЏ funcs=12
BuildProgramPages page=ИЈжњЙІФмГЬађМЏ funcs=29
BuildProgramPages page=хчаЧИшДЪДАПк funcs=31
BuildProgramPages end count=3
BuildDependencies begin
BuildDependencies support_lib_done count=2
BuildDependencies ecom_parse_begin bytes=0
BuildDependencies ecom_parse_ok count=0
BuildDependencies end count=2
BuildProgramPages begin
BuildProgramPages page=ФфУћГЬађМЏ_1 funcs=12
BuildProgramPages page=ФфУћГЬађМЏ_2 funcs=29
BuildProgramPages page=хчаЧИшДЪДАПк funcs=31
BuildProgramPages end count=3
BuildDependencies begin
BuildDependencies support_lib_done count=2
BuildDependencies ecom_parse_begin bytes=0
BuildDependencies ecom_parse_ok count=0
BuildDependencies end count=2
BuildProgramPages begin
BuildProgramPages page=ФфУћГЬађМЏ_1 funcs=12
BuildProgramPages page=ФфУћГЬађМЏ_2 funcs=29
BuildProgramPages page=хчаЧИшДЪДАПк funcs=31
BuildProgramPages end count=3
BuildDependencies begin
BuildDependencies support_lib_done count=1
BuildDependencies ecom_parse_begin bytes=0
BuildDependencies ecom_parse_ok count=0
BuildDependencies end count=1
BuildProgramPages begin
BuildProgramPages page=ФфУћГЬађМЏ_1 funcs=2
BuildProgramPages page=zyJsonValue funcs=92
BuildProgramPages page=ФфУћГЬађМЏ_2 funcs=101
BuildProgramPages page=ФфУћГЬађМЏ_3 funcs=21
BuildProgramPages page=ФфУћГЬађМЏ_4 funcs=9
BuildProgramPages page=ФфУћГЬађМЏ_5 funcs=13
BuildProgramPages page=ФфУћГЬађМЏ_6 funcs=20
BuildProgramPages page=ФфУћГЬађМЏ_7 funcs=52
BuildProgramPages page=zyJsonDocument funcs=7
BuildProgramPages end count=9
BuildDependencies begin
BuildDependencies support_lib_done count=1
BuildDependencies ecom_parse_begin bytes=0
BuildDependencies ecom_parse_ok count=0
BuildDependencies end count=1
BuildProgramPages begin
BuildProgramPages page=ФфУћГЬађМЏ_1 funcs=2
BuildProgramPages page=zyJsonValue funcs=92
BuildProgramPages page=ФфУћГЬађМЏ_2 funcs=101
BuildProgramPages page=ФфУћГЬађМЏ_3 funcs=21
BuildProgramPages page=ФфУћГЬађМЏ_4 funcs=9
BuildProgramPages page=ФфУћГЬађМЏ_5 funcs=13
BuildProgramPages page=ФфУћГЬађМЏ_6 funcs=20
BuildProgramPages page=ФфУћГЬађМЏ_7 funcs=52
BuildProgramPages page=zyJsonDocument funcs=7
BuildProgramPages end count=9
BuildDependencies begin
BuildDependencies support_lib_done count=1
BuildDependencies ecom_parse_begin bytes=0
BuildDependencies ecom_parse_ok count=0
BuildDependencies end count=1
BuildProgramPages begin
BuildProgramPages page=ФфУћГЬађМЏ_1 funcs=2
BuildProgramPages page=ФфУћГЬађМЏ_2 funcs=116
BuildProgramPages page=ФфУћГЬађМЏ_3 funcs=151
BuildProgramPages page=ФфУћГЬађМЏ_4 funcs=245
BuildProgramPages page=ФфУћГЬађМЏ_5 funcs=165
BuildProgramPages page=ФфУћГЬађМЏ_6 funcs=97
BuildProgramPages page=ФфУћГЬађМЏ_7 funcs=60
BuildProgramPages page=ФфУћГЬађМЏ_8 funcs=39
BuildProgramPages page=ФфУћГЬађМЏ_9 funcs=118
BuildProgramPages page=ФфУћГЬађМЏ_10 funcs=30
BuildProgramPages page=ФфУћГЬађМЏ_11 funcs=6
BuildProgramPages page=ФфУћГЬађМЏ_12 funcs=17
BuildProgramPages page=ФфУћГЬађМЏ_13 funcs=177
BuildProgramPages page=ФфУћГЬађМЏ_14 funcs=53
BuildProgramPages page=ФфУћГЬађМЏ_15 funcs=4
BuildProgramPages page=ФфУћГЬађМЏ_16 funcs=17
BuildProgramPages page=ЦеЭЈЬюБэ funcs=206
BuildProgramPages page=ФфУћГЬађМЏ_17 funcs=15
BuildProgramPages page=ФфУћГЬађМЏ_18 funcs=8
BuildProgramPages page=ФфУћГЬађМЏ_19 funcs=15
BuildProgramPages page=ЭтВПЪїаЭПђ funcs=96
BuildProgramPages page=ЭтВППиМўВйзї funcs=8
BuildProgramPages page=ФфУћГЬађМЏ_20 funcs=131
BuildProgramPages page=Рр_ЯЕЭГЗўЮё funcs=28
BuildProgramPages page=ЮФМўЭЯЗХ funcs=5
BuildProgramPages page=зЂВсБэВйзї funcs=25
BuildProgramPages page=ЭтВПГЌМЖСаБэПђ funcs=68
BuildProgramPages page=ФкДцЙВЯэ funcs=10
BuildProgramPages page=ADSLВІКХРр funcs=19
BuildProgramPages page=е§дђБэДяЪНРр funcs=10
BuildProgramPages page=ФфУћГЬађМЏ_21 funcs=11
BuildProgramPages page=ФфУћГЬађМЏ_22 funcs=34
BuildProgramPages page=ФфУћГЬађМЏ_23 funcs=63
BuildProgramPages page=Рр_XMLHTTP funcs=17
BuildProgramPages page=Рр_ЭМЦЌзщВйзїРр funcs=28
BuildProgramPages page=зжНкСї funcs=7
BuildProgramPages page=ЛуБрРр funcs=168
BuildProgramPages page=ЪфШыЗЈРр funcs=15
BuildProgramPages page=Рр_APIHOOK funcs=10
BuildProgramPages page=Рр_НХБОзщМў funcs=15
BuildProgramPages page=Рр_ФкДц funcs=29
BuildProgramPages page=Рр_ЪЖЭМ funcs=29
BuildProgramPages page=Рр_ЮЛЭМВйзї funcs=43
BuildProgramPages page=Рр_ЮЛЭМДІРэ funcs=22
BuildProgramPages page=Рр_ODBCЪ§ОнПт funcs=46
BuildProgramPages page=ФфУћГЬађМЏ_24 funcs=4
BuildProgramPages page=Рр_ЙГзг funcs=9
BuildProgramPages page=Рр_ЯпГЬГи funcs=6
BuildProgramPages page=Рр_FTP funcs=28
BuildProgramPages page=Рр_json funcs=26
BuildProgramPages page=Рр_ФкДцХфжУЯю funcs=17
BuildProgramPages page=ФфУћГЬађМЏ_25 funcs=16
BuildProgramPages page=ФфУћГЬађМЏ_26 funcs=127
BuildProgramPages page=зЂВсБэВйзїEx funcs=20
BuildProgramPages page=Рр_ХфжУЯю funcs=23
BuildProgramPages page=Рр_CPUаХЯЂ funcs=24
BuildProgramPages page=ФфУћГЬађМЏ_27 funcs=17
BuildProgramPages page=Рр_ЯЕЭГаХЯЂ funcs=71
BuildProgramPages page=Рр_ЭЈгУЖдЛАПђ funcs=11
BuildProgramPages page=Рр_ШЮЮёРИ funcs=27
BuildProgramPages page=Рр_ЛЗОГДцШЁ funcs=11
BuildProgramPages page=Рр_ЪБжг funcs=6
BuildProgramPages page=Рр_ЭаХЬ funcs=20
BuildProgramPages page=Рр_ДХХЬаХЯЂ funcs=27
BuildProgramPages page=Рр_гЪВлЗўЮёЖЫ funcs=5
BuildProgramPages page=Рр_гЪВлПЭЛЇЖЫ funcs=5
BuildProgramPages page=Рр_ШежОЪфГі funcs=9
BuildProgramPages page=ФфУћГЬађМЏ_28 funcs=7
BuildProgramPages page=ФфУћГЬађМЏ_29 funcs=5
BuildProgramPages page=ФфУћГЬађМЏ_30 funcs=9
BuildProgramPages page=Рр_Accessible funcs=35
BuildProgramPages page=Рр_POSTЪ§ОнРр funcs=13
BuildProgramPages page=Рр_POSTЪ§ОнРр_зжНкМЏ funcs=10
BuildProgramPages page=Рр_ЖгСа funcs=13
BuildProgramPages page=Рр_ПьЫйЮФБО funcs=25
BuildProgramPages page=Рр_ХфжУЯюex funcs=13
BuildProgramPages page=Рр_Cookie funcs=17
BuildProgramPages page=Рр_ФЃПщУЖОй funcs=12
BuildProgramPages page=Рр_HTMLЪЕЬх funcs=9
BuildProgramPages page=HashMap_StrInt funcs=11
BuildProgramPages page=ФфУћГЬађМЏ_31 funcs=6
BuildProgramPages page=Рр_RegExp funcs=15
BuildProgramPages page=Рр_ШЮЮёРИздЩэ funcs=24
BuildProgramPages page=ФфУћГЬађМЏ_32 funcs=34
BuildProgramPages page=Рр_БрМ­ПђВЫЕЅ funcs=9
BuildProgramPages page=Рр_ЭтВПбЁдёМа funcs=20
BuildProgramPages page=Рр_ГЌМЖСаБэПђ funcs=20
BuildProgramPages page=Рр_зРУцДАПкЙмРэ funcs=11
BuildProgramPages page=Рр_ЯёЫизщ funcs=8
BuildProgramPages page=Рр_ЭМЯёИёЪНзЊЛЛРр funcs=14
BuildProgramPages page=Рр_HOOK_Send funcs=9
BuildProgramPages page=Рр_БрМ­ПђЭИУї funcs=6
BuildProgramPages page=ФфУћГЬађМЏ_33 funcs=14
BuildProgramPages page=Рр_HOOK_EX funcs=7
BuildProgramPages page=Рр_ЪїаЭПђ_зжНкМЏВйзї funcs=42
BuildProgramPages page=Рр_DOM funcs=32
BuildProgramPages page=Рр_DOM_Ъ§зщ funcs=6
BuildProgramPages page=Рр_ЭтВПзДЬЌЬѕ funcs=7
BuildProgramPages page=Рр_InlineHook funcs=10
BuildProgramPages page=Рр_ЯЕЭГвєСП funcs=7
BuildProgramPages page=ФфУћГЬађМЏ_34 funcs=13
BuildProgramPages page=Рр_ЦСБЮВЫЕЅ funcs=5
BuildProgramPages page=ФфУћГЬађМЏ_35 funcs=48
BuildProgramPages page=ФфУћГЬађМЏ_36 funcs=8
BuildProgramPages end count=104
BuildDependencies begin
BuildDependencies support_lib_done count=1
BuildDependencies ecom_parse_begin bytes=0
BuildDependencies ecom_parse_ok count=0
BuildDependencies end count=1
BuildProgramPages begin
BuildProgramPages page=ФфУћГЬађМЏ_1 funcs=2
BuildProgramPages page=ФфУћГЬађМЏ_2 funcs=116
BuildProgramPages page=ФфУћГЬађМЏ_3 funcs=151
BuildProgramPages page=ФфУћГЬађМЏ_4 funcs=245
BuildProgramPages page=ФфУћГЬађМЏ_5 funcs=165
BuildProgramPages page=ФфУћГЬађМЏ_6 funcs=97
BuildProgramPages page=ФфУћГЬађМЏ_7 funcs=60
BuildProgramPages page=ФфУћГЬађМЏ_8 funcs=39
BuildProgramPages page=ФфУћГЬађМЏ_9 funcs=118
BuildProgramPages page=ФфУћГЬађМЏ_10 funcs=30
BuildProgramPages page=ФфУћГЬађМЏ_11 funcs=6
BuildProgramPages page=ФфУћГЬађМЏ_12 funcs=17
BuildProgramPages page=ФфУћГЬађМЏ_13 funcs=177
BuildProgramPages page=ФфУћГЬађМЏ_14 funcs=53
BuildProgramPages page=ФфУћГЬађМЏ_15 funcs=4
BuildProgramPages page=ФфУћГЬађМЏ_16 funcs=17
BuildProgramPages page=ЦеЭЈЬюБэ funcs=206
BuildProgramPages page=ФфУћГЬађМЏ_17 funcs=15
BuildProgramPages page=ФфУћГЬађМЏ_18 funcs=8
BuildProgramPages page=ФфУћГЬађМЏ_19 funcs=15
BuildProgramPages page=ЭтВПЪїаЭПђ funcs=96
BuildProgramPages page=ЭтВППиМўВйзї funcs=8
BuildProgramPages page=ФфУћГЬађМЏ_20 funcs=131
BuildProgramPages page=Рр_ЯЕЭГЗўЮё funcs=28
BuildProgramPages page=ЮФМўЭЯЗХ funcs=5
BuildProgramPages page=зЂВсБэВйзї funcs=25
BuildProgramPages page=ЭтВПГЌМЖСаБэПђ funcs=68
BuildProgramPages page=ФкДцЙВЯэ funcs=10
BuildProgramPages page=ADSLВІКХРр funcs=19
BuildProgramPages page=е§дђБэДяЪНРр funcs=10
BuildProgramPages page=ФфУћГЬађМЏ_21 funcs=11
BuildProgramPages page=ФфУћГЬађМЏ_22 funcs=34
BuildProgramPages page=ФфУћГЬађМЏ_23 funcs=63
BuildProgramPages page=Рр_XMLHTTP funcs=17
BuildProgramPages page=Рр_ЭМЦЌзщВйзїРр funcs=28
BuildProgramPages page=зжНкСї funcs=7
BuildProgramPages page=ЛуБрРр funcs=168
BuildProgramPages page=ЪфШыЗЈРр funcs=15
BuildProgramPages page=Рр_APIHOOK funcs=10
BuildProgramPages page=Рр_НХБОзщМў funcs=15
BuildProgramPages page=Рр_ФкДц funcs=29
BuildProgramPages page=Рр_ЪЖЭМ funcs=29
BuildProgramPages page=Рр_ЮЛЭМВйзї funcs=43
BuildProgramPages page=Рр_ЮЛЭМДІРэ funcs=22
BuildProgramPages page=Рр_ODBCЪ§ОнПт funcs=46
BuildProgramPages page=ФфУћГЬађМЏ_24 funcs=4
BuildProgramPages page=Рр_ЙГзг funcs=9
BuildProgramPages page=Рр_ЯпГЬГи funcs=6
BuildProgramPages page=Рр_FTP funcs=28
BuildProgramPages page=Рр_json funcs=26
BuildProgramPages page=Рр_ФкДцХфжУЯю funcs=17
BuildProgramPages page=ФфУћГЬађМЏ_25 funcs=16
BuildProgramPages page=ФфУћГЬађМЏ_26 funcs=127
BuildProgramPages page=зЂВсБэВйзїEx funcs=20
BuildProgramPages page=Рр_ХфжУЯю funcs=23
BuildProgramPages page=Рр_CPUаХЯЂ funcs=24
BuildProgramPages page=ФфУћГЬађМЏ_27 funcs=17
BuildProgramPages page=Рр_ЯЕЭГаХЯЂ funcs=71
BuildProgramPages page=Рр_ЭЈгУЖдЛАПђ funcs=11
BuildProgramPages page=Рр_ШЮЮёРИ funcs=27
BuildProgramPages page=Рр_ЛЗОГДцШЁ funcs=11
BuildProgramPages page=Рр_ЪБжг funcs=6
BuildProgramPages page=Рр_ЭаХЬ funcs=20
BuildProgramPages page=Рр_ДХХЬаХЯЂ funcs=27
BuildProgramPages page=Рр_гЪВлЗўЮёЖЫ funcs=5
BuildProgramPages page=Рр_гЪВлПЭЛЇЖЫ funcs=5
BuildProgramPages page=Рр_ШежОЪфГі funcs=9
BuildProgramPages page=ФфУћГЬађМЏ_28 funcs=7
BuildProgramPages page=ФфУћГЬађМЏ_29 funcs=5
BuildProgramPages page=ФфУћГЬађМЏ_30 funcs=9
BuildProgramPages page=Рр_Accessible funcs=35
BuildProgramPages page=Рр_POSTЪ§ОнРр funcs=13
BuildProgramPages page=Рр_POSTЪ§ОнРр_зжНкМЏ funcs=10
BuildProgramPages page=Рр_ЖгСа funcs=13
BuildProgramPages page=Рр_ПьЫйЮФБО funcs=25
BuildProgramPages page=Рр_ХфжУЯюex funcs=13
BuildProgramPages page=Рр_Cookie funcs=17
BuildProgramPages page=Рр_ФЃПщУЖОй funcs=12
BuildProgramPages page=Рр_HTMLЪЕЬх funcs=9
BuildProgramPages page=HashMap_StrInt funcs=11
BuildProgramPages page=ФфУћГЬађМЏ_31 funcs=6
BuildProgramPages page=Рр_RegExp funcs=15
BuildProgramPages page=Рр_ШЮЮёРИздЩэ funcs=24
BuildProgramPages page=ФфУћГЬађМЏ_32 funcs=34
BuildProgramPages page=Рр_БрМ­ПђВЫЕЅ funcs=9
BuildProgramPages page=Рр_ЭтВПбЁдёМа funcs=20
BuildProgramPages page=Рр_ГЌМЖСаБэПђ funcs=20
BuildProgramPages page=Рр_зРУцДАПкЙмРэ funcs=11
BuildProgramPages page=Рр_ЯёЫизщ funcs=8
BuildProgramPages page=Рр_ЭМЯёИёЪНзЊЛЛРр funcs=14
BuildProgramPages page=Рр_HOOK_Send funcs=9
BuildProgramPages page=Рр_БрМ­ПђЭИУї funcs=6
BuildProgramPages page=ФфУћГЬађМЏ_33 funcs=14
BuildProgramPages page=Рр_HOOK_EX funcs=7
BuildProgramPages page=Рр_ЪїаЭПђ_зжНкМЏВйзї funcs=42
BuildProgramPages page=Рр_DOM funcs=32
BuildProgramPages page=Рр_DOM_Ъ§зщ funcs=6
BuildProgramPages page=Рр_ЭтВПзДЬЌЬѕ funcs=7
BuildProgramPages page=Рр_InlineHook funcs=10
BuildProgramPages page=Рр_ЯЕЭГвєСП funcs=7
BuildProgramPages page=ФфУћГЬађМЏ_34 funcs=13
BuildProgramPages page=Рр_ЦСБЮВЫЕЅ funcs=5
BuildProgramPages page=ФфУћГЬађМЏ_35 funcs=48
BuildProgramPages page=ФфУћГЬађМЏ_36 funcs=8
BuildProgramPages end count=104
